The C compiler identification could not be found in "C:/voice-ai/packages/whisper_flutter_new/android/.cxx/Release/m2w1y6y6/armeabi-v7a/CMakeFiles/3.22.1-g37088a8-dirty/CompilerIdC/CMakeCCompilerId.o"

Compiling the C compiler identification source file "CMakeCCompilerId.c" failed.
Compiler: C:/Users/dlapd/AppData/Local/Android/Sdk/ndk/27.0.11902837/toolchains/llvm/prebuilt/windows-x86_64/bin/clang.exe 
Build flags: -g;-DANDROID;-fdata-sections;-ffunction-sections;-funwind-tables;-fstack-protector-strong;-no-canonical-prefixes;-D_FORTIFY_SOURCE=2;-march=armv7-a;-mthumb;-Wformat;-Werror=format-security;-O3;-s;-flto=thin;-ffunction-sections;-fdata-sections;-fvisibility=hidden;-fvisibility-inlines-hidden
Id flags:  

The output was:
1
clang: warning: argument unused during compilation: '-mthumb' [-Wunused-command-line-argument]
error: unknown target CPU 'armv7-a'
note: valid target CPU values are: nocona, core2, penryn, bonnell, atom, silvermont, slm, goldmont, goldmont-plus, tremont, nehalem, corei7, westmere, sandybridge, corei7-avx, ivybridge, core-avx-i, haswell, core-avx2, broadwell, skylake, skylake-avx512, skx, cascadelake, cooperlake, cannonlake, icelake-client, rocketlake, icelake-server, tigerlake, sapphirerapids, alderlake, raptorlake, meteorlake, arrowlake, arrowlake-s, lunarlake, gracemont, pantherlake, sierraforest, grandridge, graniterapids, graniterapids-d, emeraldrapids, clearwaterforest, knl, knm, k8, athlon64, athlon-fx, opteron, k8-sse3, athlon64-sse3, opteron-sse3, amdfam10, barcelona, btver1, btver2, bdver1, bdver2, bdver3, bdver4, znver1, znver2, znver3, znver4, x86-64, x86-64-v2, x86-64-v3, x86-64-v4


Compiling the C compiler identification source file "CMakeCCompilerId.c" failed.
Compiler: C:/Users/dlapd/AppData/Local/Android/Sdk/ndk/27.0.11902837/toolchains/llvm/prebuilt/windows-x86_64/bin/clang.exe 
Build flags: -g;-DANDROID;-fdata-sections;-ffunction-sections;-funwind-tables;-fstack-protector-strong;-no-canonical-prefixes;-D_FORTIFY_SOURCE=2;-march=armv7-a;-mthumb;-Wformat;-Werror=format-security;-O3;-s;-flto=thin;-ffunction-sections;-fdata-sections;-fvisibility=hidden;-fvisibility-inlines-hidden
Id flags: -c 

The output was:
1
clang: warning: argument unused during compilation: '-mthumb' [-Wunused-command-line-argument]
clang: warning: argument unused during compilation: '-s' [-Wunused-command-line-argument]
error: unknown target CPU 'armv7-a'
note: valid target CPU values are: nocona, core2, penryn, bonnell, atom, silvermont, slm, goldmont, goldmont-plus, tremont, nehalem, corei7, westmere, sandybridge, corei7-avx, ivybridge, core-avx-i, haswell, core-avx2, broadwell, skylake, skylake-avx512, skx, cascadelake, cooperlake, cannonlake, icelake-client, rocketlake, icelake-server, tigerlake, sapphirerapids, alderlake, raptorlake, meteorlake, arrowlake, arrowlake-s, lunarlake, gracemont, pantherlake, sierraforest, grandridge, graniterapids, graniterapids-d, emeraldrapids, clearwaterforest, knl, knm, k8, athlon64, athlon-fx, opteron, k8-sse3, athlon64-sse3, opteron-sse3, amdfam10, barcelona, btver1, btver2, bdver1, bdver2, bdver3, bdver4, znver1, znver2, znver3, znver4, x86-64, x86-64-v2, x86-64-v3, x86-64-v4


Compiling the C compiler identification source file "CMakeCCompilerId.c" failed.
Compiler: C:/Users/dlapd/AppData/Local/Android/Sdk/ndk/27.0.11902837/toolchains/llvm/prebuilt/windows-x86_64/bin/clang.exe 
Build flags: -g;-DANDROID;-fdata-sections;-ffunction-sections;-funwind-tables;-fstack-protector-strong;-no-canonical-prefixes;-D_FORTIFY_SOURCE=2;-march=armv7-a;-mthumb;-Wformat;-Werror=format-security;-O3;-s;-flto=thin;-ffunction-sections;-fdata-sections;-fvisibility=hidden;-fvisibility-inlines-hidden
Id flags: -Aa 

The output was:
1
clang: warning: argument unused during compilation: '-mthumb' [-Wunused-command-line-argument]
clang: warning: argument unused during compilation: '-Aa' [-Wunused-command-line-argument]
error: unknown target CPU 'armv7-a'
note: valid target CPU values are: nocona, core2, penryn, bonnell, atom, silvermont, slm, goldmont, goldmont-plus, tremont, nehalem, corei7, westmere, sandybridge, corei7-avx, ivybridge, core-avx-i, haswell, core-avx2, broadwell, skylake, skylake-avx512, skx, cascadelake, cooperlake, cannonlake, icelake-client, rocketlake, icelake-server, tigerlake, sapphirerapids, alderlake, raptorlake, meteorlake, arrowlake, arrowlake-s, lunarlake, gracemont, pantherlake, sierraforest, grandridge, graniterapids, graniterapids-d, emeraldrapids, clearwaterforest, knl, knm, k8, athlon64, athlon-fx, opteron, k8-sse3, athlon64-sse3, opteron-sse3, amdfam10, barcelona, btver1, btver2, bdver1, bdver2, bdver3, bdver4, znver1, znver2, znver3, znver4, x86-64, x86-64-v2, x86-64-v3, x86-64-v4


Compiling the C compiler identification source file "CMakeCCompilerId.c" failed.
Compiler: C:/Users/dlapd/AppData/Local/Android/Sdk/ndk/27.0.11902837/toolchains/llvm/prebuilt/windows-x86_64/bin/clang.exe 
Build flags: -g;-DANDROID;-fdata-sections;-ffunction-sections;-funwind-tables;-fstack-protector-strong;-no-canonical-prefixes;-D_FORTIFY_SOURCE=2;-march=armv7-a;-mthumb;-Wformat;-Werror=format-security;-O3;-s;-flto=thin;-ffunction-sections;-fdata-sections;-fvisibility=hidden;-fvisibility-inlines-hidden
Id flags: -D__CLASSIC_C__ 

The output was:
1
clang: warning: argument unused during compilation: '-mthumb' [-Wunused-command-line-argument]
error: unknown target CPU 'armv7-a'
note: valid target CPU values are: nocona, core2, penryn, bonnell, atom, silvermont, slm, goldmont, goldmont-plus, tremont, nehalem, corei7, westmere, sandybridge, corei7-avx, ivybridge, core-avx-i, haswell, core-avx2, broadwell, skylake, skylake-avx512, skx, cascadelake, cooperlake, cannonlake, icelake-client, rocketlake, icelake-server, tigerlake, sapphirerapids, alderlake, raptorlake, meteorlake, arrowlake, arrowlake-s, lunarlake, gracemont, pantherlake, sierraforest, grandridge, graniterapids, graniterapids-d, emeraldrapids, clearwaterforest, knl, knm, k8, athlon64, athlon-fx, opteron, k8-sse3, athlon64-sse3, opteron-sse3, amdfam10, barcelona, btver1, btver2, bdver1, bdver2, bdver3, bdver4, znver1, znver2, znver3, znver4, x86-64, x86-64-v2, x86-64-v3, x86-64-v4


Compiling the C compiler identification source file "CMakeCCompilerId.c" failed.
Compiler: C:/Users/dlapd/AppData/Local/Android/Sdk/ndk/27.0.11902837/toolchains/llvm/prebuilt/windows-x86_64/bin/clang.exe 
Build flags: -g;-DANDROID;-fdata-sections;-ffunction-sections;-funwind-tables;-fstack-protector-strong;-no-canonical-prefixes;-D_FORTIFY_SOURCE=2;-march=armv7-a;-mthumb;-Wformat;-Werror=format-security;-O3;-s;-flto=thin;-ffunction-sections;-fdata-sections;-fvisibility=hidden;-fvisibility-inlines-hidden
Id flags: --target=arm-arm-none-eabi;-mcpu=cortex-m3 

The output was:
1
ld.lld: error: unable to find library -lc
ld.lld: error: unable to find library -lm
ld.lld: error: unable to find library -lclang_rt.builtins-arm
clang: error: ld.lld command failed with exit code 1 (use -v to see invocation)


Compiling the C compiler identification source file "CMakeCCompilerId.c" failed.
Compiler: C:/Users/dlapd/AppData/Local/Android/Sdk/ndk/27.0.11902837/toolchains/llvm/prebuilt/windows-x86_64/bin/clang.exe 
Build flags: -g;-DANDROID;-fdata-sections;-ffunction-sections;-funwind-tables;-fstack-protector-strong;-no-canonical-prefixes;-D_FORTIFY_SOURCE=2;-march=armv7-a;-mthumb;-Wformat;-Werror=format-security;-O3;-s;-flto=thin;-ffunction-sections;-fdata-sections;-fvisibility=hidden;-fvisibility-inlines-hidden
Id flags: -c;-I__does_not_exist__ 

The output was:
1
clang: warning: argument unused during compilation: '-mthumb' [-Wunused-command-line-argument]
clang: warning: argument unused during compilation: '-s' [-Wunused-command-line-argument]
error: unknown target CPU 'armv7-a'
note: valid target CPU values are: nocona, core2, penryn, bonnell, atom, silvermont, slm, goldmont, goldmont-plus, tremont, nehalem, corei7, westmere, sandybridge, corei7-avx, ivybridge, core-avx-i, haswell, core-avx2, broadwell, skylake, skylake-avx512, skx, cascadelake, cooperlake, cannonlake, icelake-client, rocketlake, icelake-server, tigerlake, sapphirerapids, alderlake, raptorlake, meteorlake, arrowlake, arrowlake-s, lunarlake, gracemont, pantherlake, sierraforest, grandridge, graniterapids, graniterapids-d, emeraldrapids, clearwaterforest, knl, knm, k8, athlon64, athlon-fx, opteron, k8-sse3, athlon64-sse3, opteron-sse3, amdfam10, barcelona, btver1, btver2, bdver1, bdver2, bdver3, bdver4, znver1, znver2, znver3, znver4, x86-64, x86-64-v2, x86-64-v3, x86-64-v4


The CXX compiler identification could not be found in "C:/voice-ai/packages/whisper_flutter_new/android/.cxx/Release/m2w1y6y6/armeabi-v7a/CMakeFiles/3.22.1-g37088a8-dirty/CompilerIdCXX/CMakeCXXCompilerId.o"

Compiling the CXX compiler identification source file "CMakeCXXCompilerId.cpp" failed.
Compiler: C:/Users/dlapd/AppData/Local/Android/Sdk/ndk/27.0.11902837/toolchains/llvm/prebuilt/windows-x86_64/bin/clang++.exe 
Build flags: -g;-DANDROID;-fdata-sections;-ffunction-sections;-funwind-tables;-fstack-protector-strong;-no-canonical-prefixes;-D_FORTIFY_SOURCE=2;-march=armv7-a;-mthumb;-Wformat;-Werror=format-security;;-O3;-s;-flto=thin;-ffunction-sections;-fdata-sections;-fvisibility=hidden;-fvisibility-inlines-hidden
Id flags:  

The output was:
1
clang++: warning: argument unused during compilation: '-mthumb' [-Wunused-command-line-argument]
error: unknown target CPU 'armv7-a'
note: valid target CPU values are: nocona, core2, penryn, bonnell, atom, silvermont, slm, goldmont, goldmont-plus, tremont, nehalem, corei7, westmere, sandybridge, corei7-avx, ivybridge, core-avx-i, haswell, core-avx2, broadwell, skylake, skylake-avx512, skx, cascadelake, cooperlake, cannonlake, icelake-client, rocketlake, icelake-server, tigerlake, sapphirerapids, alderlake, raptorlake, meteorlake, arrowlake, arrowlake-s, lunarlake, gracemont, pantherlake, sierraforest, grandridge, graniterapids, graniterapids-d, emeraldrapids, clearwaterforest, knl, knm, k8, athlon64, athlon-fx, opteron, k8-sse3, athlon64-sse3, opteron-sse3, amdfam10, barcelona, btver1, btver2, bdver1, bdver2, bdver3, bdver4, znver1, znver2, znver3, znver4, x86-64, x86-64-v2, x86-64-v3, x86-64-v4


Compiling the CXX compiler identification source file "CMakeCXXCompilerId.cpp" failed.
Compiler: C:/Users/dlapd/AppData/Local/Android/Sdk/ndk/27.0.11902837/toolchains/llvm/prebuilt/windows-x86_64/bin/clang++.exe 
Build flags: -g;-DANDROID;-fdata-sections;-ffunction-sections;-funwind-tables;-fstack-protector-strong;-no-canonical-prefixes;-D_FORTIFY_SOURCE=2;-march=armv7-a;-mthumb;-Wformat;-Werror=format-security;;-O3;-s;-flto=thin;-ffunction-sections;-fdata-sections;-fvisibility=hidden;-fvisibility-inlines-hidden
Id flags: -c 

The output was:
1
clang++: warning: argument unused during compilation: '-mthumb' [-Wunused-command-line-argument]
clang++: warning: argument unused during compilation: '-s' [-Wunused-command-line-argument]
error: unknown target CPU 'armv7-a'
note: valid target CPU values are: nocona, core2, penryn, bonnell, atom, silvermont, slm, goldmont, goldmont-plus, tremont, nehalem, corei7, westmere, sandybridge, corei7-avx, ivybridge, core-avx-i, haswell, core-avx2, broadwell, skylake, skylake-avx512, skx, cascadelake, cooperlake, cannonlake, icelake-client, rocketlake, icelake-server, tigerlake, sapphirerapids, alderlake, raptorlake, meteorlake, arrowlake, arrowlake-s, lunarlake, gracemont, pantherlake, sierraforest, grandridge, graniterapids, graniterapids-d, emeraldrapids, clearwaterforest, knl, knm, k8, athlon64, athlon-fx, opteron, k8-sse3, athlon64-sse3, opteron-sse3, amdfam10, barcelona, btver1, btver2, bdver1, bdver2, bdver3, bdver4, znver1, znver2, znver3, znver4, x86-64, x86-64-v2, x86-64-v3, x86-64-v4


Compiling the CXX compiler identification source file "CMakeCXXCompilerId.cpp" failed.
Compiler: C:/Users/dlapd/AppData/Local/Android/Sdk/ndk/27.0.11902837/toolchains/llvm/prebuilt/windows-x86_64/bin/clang++.exe 
Build flags: -g;-DANDROID;-fdata-sections;-ffunction-sections;-funwind-tables;-fstack-protector-strong;-no-canonical-prefixes;-D_FORTIFY_SOURCE=2;-march=armv7-a;-mthumb;-Wformat;-Werror=format-security;;-O3;-s;-flto=thin;-ffunction-sections;-fdata-sections;-fvisibility=hidden;-fvisibility-inlines-hidden
Id flags: --c++ 

The output was:
1
clang++: error: unknown argument: '--c++'


Compiling the CXX compiler identification source file "CMakeCXXCompilerId.cpp" failed.
Compiler: C:/Users/dlapd/AppData/Local/Android/Sdk/ndk/27.0.11902837/toolchains/llvm/prebuilt/windows-x86_64/bin/clang++.exe 
Build flags: -g;-DANDROID;-fdata-sections;-ffunction-sections;-funwind-tables;-fstack-protector-strong;-no-canonical-prefixes;-D_FORTIFY_SOURCE=2;-march=armv7-a;-mthumb;-Wformat;-Werror=format-security;;-O3;-s;-flto=thin;-ffunction-sections;-fdata-sections;-fvisibility=hidden;-fvisibility-inlines-hidden
Id flags: --ec++ 

The output was:
1
clang++: error: unknown argument: '--ec++'


Compiling the CXX compiler identification source file "CMakeCXXCompilerId.cpp" failed.
Compiler: C:/Users/dlapd/AppData/Local/Android/Sdk/ndk/27.0.11902837/toolchains/llvm/prebuilt/windows-x86_64/bin/clang++.exe 
Build flags: -g;-DANDROID;-fdata-sections;-ffunction-sections;-funwind-tables;-fstack-protector-strong;-no-canonical-prefixes;-D_FORTIFY_SOURCE=2;-march=armv7-a;-mthumb;-Wformat;-Werror=format-security;;-O3;-s;-flto=thin;-ffunction-sections;-fdata-sections;-fvisibility=hidden;-fvisibility-inlines-hidden
Id flags: --target=arm-arm-none-eabi;-mcpu=cortex-m3 

The output was:
1
ld.lld: error: unable to find library -lc++
ld.lld: error: unable to find library -lc++abi
ld.lld: error: unable to find library -lunwind
ld.lld: error: unable to find library -lc
ld.lld: error: unable to find library -lm
ld.lld: error: unable to find library -lclang_rt.builtins-arm
clang++: error: ld.lld command failed with exit code 1 (use -v to see invocation)


Compiling the CXX compiler identification source file "CMakeCXXCompilerId.cpp" failed.
Compiler: C:/Users/dlapd/AppData/Local/Android/Sdk/ndk/27.0.11902837/toolchains/llvm/prebuilt/windows-x86_64/bin/clang++.exe 
Build flags: -g;-DANDROID;-fdata-sections;-ffunction-sections;-funwind-tables;-fstack-protector-strong;-no-canonical-prefixes;-D_FORTIFY_SOURCE=2;-march=armv7-a;-mthumb;-Wformat;-Werror=format-security;;-O3;-s;-flto=thin;-ffunction-sections;-fdata-sections;-fvisibility=hidden;-fvisibility-inlines-hidden
Id flags: -c;-I__does_not_exist__ 

The output was:
1
clang++: warning: argument unused during compilation: '-mthumb' [-Wunused-command-line-argument]
clang++: warning: argument unused during compilation: '-s' [-Wunused-command-line-argument]
error: unknown target CPU 'armv7-a'
note: valid target CPU values are: nocona, core2, penryn, bonnell, atom, silvermont, slm, goldmont, goldmont-plus, tremont, nehalem, corei7, westmere, sandybridge, corei7-avx, ivybridge, core-avx-i, haswell, core-avx2, broadwell, skylake, skylake-avx512, skx, cascadelake, cooperlake, cannonlake, icelake-client, rocketlake, icelake-server, tigerlake, sapphirerapids, alderlake, raptorlake, meteorlake, arrowlake, arrowlake-s, lunarlake, gracemont, pantherlake, sierraforest, grandridge, graniterapids, graniterapids-d, emeraldrapids, clearwaterforest, knl, knm, k8, athlon64, athlon-fx, opteron, k8-sse3, athlon64-sse3, opteron-sse3, amdfam10, barcelona, btver1, btver2, bdver1, bdver2, bdver3, bdver4, znver1, znver2, znver3, znver4, x86-64, x86-64-v2, x86-64-v3, x86-64-v4


